<?xml version="1.0" encoding="UTF-8"?>
<testng-results skipped="0" failed="0" total="1" passed="1">
  <reporter-output>
  </reporter-output>
  <suite name="Default suite" duration-ms="112326" started-at="2019-07-31T10:29:38Z" finished-at="2019-07-31T10:31:30Z">
    <groups>
      <group name="cucumber">
        <method signature="AbstractTestNGCucumberTests.feature(cucumber.api.testng.CucumberFeatureWrapper)[pri:0, instance:runners.MainRunner_Test@4cf777e8]" name="feature" class="cucumber.api.testng.AbstractTestNGCucumberTests"/>
      </group> <!-- cucumber -->
    </groups>
    <test name="Default test" duration-ms="112326" started-at="2019-07-31T10:29:38Z" finished-at="2019-07-31T10:31:30Z">
      <class name="runners.MainRunner_Test">
        <test-method status="PASS" signature="setUpClass()[pri:0, instance:runners.MainRunner_Test@4cf777e8]" name="setUpClass" is-config="true" duration-ms="204" started-at="2019-07-31T13:29:38Z" finished-at="2019-07-31T13:29:38Z">
          <reporter-output>
          </reporter-output>
        </test-method> <!-- setUpClass -->
        <test-method status="PASS" signature="feature(cucumber.api.testng.CucumberFeatureWrapper)[pri:0, instance:runners.MainRunner_Test@4cf777e8]" name="feature" duration-ms="111610" started-at="2019-07-31T13:29:38Z" description="Runs Cucumber Feature" data-provider="features" finished-at="2019-07-31T13:31:30Z">
          <params>
            <param index="0">
              <value>
                <![CDATA[Create New Employee functionality tests]]>
              </value>
            </param>
          </params>
          <reporter-output>
          </reporter-output>
        </test-method> <!-- feature -->
        <test-method status="PASS" signature="writeExtentReport()[pri:0, instance:runners.MainRunner_Test@4cf777e8]" name="writeExtentReport" is-config="true" duration-ms="52" started-at="2019-07-31T13:31:30Z" finished-at="2019-07-31T13:31:30Z">
          <reporter-output>
          </reporter-output>
        </test-method> <!-- writeExtentReport -->
        <test-method status="PASS" signature="tearDownClass()[pri:0, instance:runners.MainRunner_Test@4cf777e8]" name="tearDownClass" is-config="true" duration-ms="383" started-at="2019-07-31T13:31:30Z" finished-at="2019-07-31T13:31:30Z">
          <reporter-output>
          </reporter-output>
        </test-method> <!-- tearDownClass -->
      </class> <!-- runners.MainRunner_Test -->
    </test> <!-- Default test -->
  </suite> <!-- Default suite -->
</testng-results>
